# Logfile created on 2019-12-03 10:26:41 -0400 by logger.rb/66358
D, [2019-12-03T10:26:41.413808 #25084] DEBUG -- : REQUESTING PAGE: GET / with {} and HTTP headers {}
D, [2019-12-03T10:26:41.447629 #25084] DEBUG -- : REQUESTING PAGE: POST /simulate with "columnas=10" and HTTP headers {"HTTP_REFERER"=>"/"}
D, [2019-12-03T10:26:41.460426 #25084] DEBUG -- : REQUESTING PAGE: GET / with {} and HTTP headers {}
D, [2019-12-03T10:26:41.462541 #25084] DEBUG -- : REQUESTING PAGE: POST /simulate with "filas=15" and HTTP headers {"HTTP_REFERER"=>"/"}
D, [2019-12-03T10:26:41.466152 #25084] DEBUG -- : REQUESTING PAGE: GET / with {} and HTTP headers {}
D, [2019-12-03T10:27:03.954333 #25114] DEBUG -- : REQUESTING PAGE: GET / with {} and HTTP headers {}
D, [2019-12-03T10:27:03.983308 #25114] DEBUG -- : REQUESTING PAGE: POST /simulate with "columnas=10" and HTTP headers {"HTTP_REFERER"=>"/"}
D, [2019-12-03T10:27:03.995143 #25114] DEBUG -- : REQUESTING PAGE: GET / with {} and HTTP headers {}
D, [2019-12-03T10:27:03.996987 #25114] DEBUG -- : REQUESTING PAGE: POST /simulate with "filas=15" and HTTP headers {"HTTP_REFERER"=>"/"}
D, [2019-12-03T10:27:03.999578 #25114] DEBUG -- : REQUESTING PAGE: GET / with {} and HTTP headers {}
D, [2019-12-03T10:53:33.113050 #25468] DEBUG -- : REQUESTING PAGE: GET / with {} and HTTP headers {}
D, [2019-12-03T10:53:33.152510 #25468] DEBUG -- : REQUESTING PAGE: POST /simulate with "columnas=10" and HTTP headers {"HTTP_REFERER"=>"/"}
D, [2019-12-03T10:53:33.166164 #25468] DEBUG -- : REQUESTING PAGE: GET / with {} and HTTP headers {}
D, [2019-12-03T10:53:33.168122 #25468] DEBUG -- : REQUESTING PAGE: POST /simulate with "filas=15" and HTTP headers {"HTTP_REFERER"=>"/"}
D, [2019-12-03T10:53:33.170979 #25468] DEBUG -- : REQUESTING PAGE: GET / with {} and HTTP headers {}
D, [2019-12-03T10:53:33.174763 #25468] DEBUG -- : REQUESTING PAGE: GET / with {} and HTTP headers {}
D, [2019-12-03T10:55:00.821867 #25518] DEBUG -- : REQUESTING PAGE: GET / with {} and HTTP headers {}
D, [2019-12-03T10:55:00.847980 #25518] DEBUG -- : REQUESTING PAGE: POST /simulate with "columnas=10" and HTTP headers {"HTTP_REFERER"=>"/"}
D, [2019-12-03T10:55:00.859135 #25518] DEBUG -- : REQUESTING PAGE: GET / with {} and HTTP headers {}
D, [2019-12-03T10:55:00.861346 #25518] DEBUG -- : REQUESTING PAGE: POST /simulate with "filas=15" and HTTP headers {"HTTP_REFERER"=>"/"}
D, [2019-12-03T10:55:00.863897 #25518] DEBUG -- : REQUESTING PAGE: GET / with {} and HTTP headers {}
D, [2019-12-03T10:55:00.867831 #25518] DEBUG -- : REQUESTING PAGE: POST /simulate with {"columnas"=>"10", "filas"=>""} and HTTP headers {"HTTP_REFERER"=>"/"}
D, [2019-12-03T10:55:00.871223 #25518] DEBUG -- : REQUESTING PAGE: GET / with {} and HTTP headers {}
D, [2019-12-03T10:57:56.307925 #25543] DEBUG -- : REQUESTING PAGE: GET / with {} and HTTP headers {}
D, [2019-12-03T10:57:56.336113 #25543] DEBUG -- : REQUESTING PAGE: POST /simulate with "columnas=10" and HTTP headers {"HTTP_REFERER"=>"/"}
D, [2019-12-03T10:57:56.348532 #25543] DEBUG -- : REQUESTING PAGE: GET / with {} and HTTP headers {}
D, [2019-12-03T10:57:56.350494 #25543] DEBUG -- : REQUESTING PAGE: POST /simulate with "filas=15" and HTTP headers {"HTTP_REFERER"=>"/"}
D, [2019-12-03T10:57:56.353297 #25543] DEBUG -- : REQUESTING PAGE: GET / with {} and HTTP headers {}
D, [2019-12-03T10:57:56.356466 #25543] DEBUG -- : REQUESTING PAGE: POST /simulate with {"columnas"=>"10", "filas"=>"15"} and HTTP headers {"HTTP_REFERER"=>"/"}
D, [2019-12-03T10:57:56.359414 #25543] DEBUG -- : REQUESTING PAGE: GET / with {} and HTTP headers {}
D, [2019-12-03T10:59:16.560719 #25621] DEBUG -- : REQUESTING PAGE: GET / with {} and HTTP headers {}
D, [2019-12-03T10:59:16.589169 #25621] DEBUG -- : REQUESTING PAGE: POST /simulate with "columnas=10" and HTTP headers {"HTTP_REFERER"=>"/"}
D, [2019-12-03T10:59:16.599566 #25621] DEBUG -- : REQUESTING PAGE: GET / with {} and HTTP headers {}
D, [2019-12-03T10:59:16.602220 #25621] DEBUG -- : REQUESTING PAGE: POST /simulate with "filas=15" and HTTP headers {"HTTP_REFERER"=>"/"}
D, [2019-12-03T10:59:16.604903 #25621] DEBUG -- : REQUESTING PAGE: GET / with {} and HTTP headers {}
D, [2019-12-03T10:59:16.608026 #25621] DEBUG -- : REQUESTING PAGE: POST /simulate with {"columnas"=>"10", "filas"=>"15"} and HTTP headers {"HTTP_REFERER"=>"/"}
D, [2019-12-03T10:59:16.611029 #25621] DEBUG -- : REQUESTING PAGE: GET / with {} and HTTP headers {}
D, [2019-12-03T11:11:32.288741 #6661] DEBUG -- : REQUESTING PAGE: GET / with {} and HTTP headers {}
D, [2019-12-03T11:11:32.307556 #6661] DEBUG -- : REQUESTING PAGE: POST /simulate with "columnas=10" and HTTP headers {"HTTP_REFERER"=>"/"}
D, [2019-12-03T11:11:32.318486 #6661] DEBUG -- : REQUESTING PAGE: GET / with {} and HTTP headers {}
D, [2019-12-03T11:11:32.319727 #6661] DEBUG -- : REQUESTING PAGE: POST /simulate with "filas=15" and HTTP headers {"HTTP_REFERER"=>"/"}
D, [2019-12-03T11:11:32.321517 #6661] DEBUG -- : REQUESTING PAGE: GET / with {} and HTTP headers {}
D, [2019-12-03T11:11:32.327804 #6661] DEBUG -- : REQUESTING PAGE: POST /simulate with {"columnas"=>"10", "filas"=>"15"} and HTTP headers {"HTTP_REFERER"=>"/"}
D, [2019-12-03T11:11:32.330103 #6661] DEBUG -- : REQUESTING PAGE: GET / with {} and HTTP headers {}
